\BOOKMARK [1][-]{section.1}{Introduction}{}% 1
\BOOKMARK [1][-]{section.2}{Motivations}{}% 2
\BOOKMARK [2][-]{subsection.2.1}{Swift Boot-up}{section.2}% 3
\BOOKMARK [2][-]{subsection.2.2}{Minimized OS Size}{section.2}% 4
\BOOKMARK [1][-]{section.3}{MicroswiftOS: Analysis and Methodologies}{}% 5
\BOOKMARK [2][-]{subsection.3.1}{Optimizing Kernel Configurations}{section.3}% 6
\BOOKMARK [2][-]{subsection.3.2}{Optimizing System Configurations and Software Environments}{section.3}% 7
\BOOKMARK [3][-]{subsubsection.3.2.1}{Optimize Boot Scripts}{subsection.3.2}% 8
\BOOKMARK [3][-]{subsubsection.3.2.2}{Disable initramfs}{subsection.3.2}% 9
\BOOKMARK [3][-]{subsubsection.3.2.3}{Disable fsck On Boot}{subsection.3.2}% 10
\BOOKMARK [3][-]{subsubsection.3.2.4}{A Minimal Software Collection and a Complete Toolchain}{subsection.3.2}% 11
\BOOKMARK [1][-]{section.4}{Implementation}{}% 12
\BOOKMARK [2][-]{subsection.4.1}{Building a Temporary System}{section.4}% 13
\BOOKMARK [2][-]{subsection.4.2}{Building Softwares and Tools}{section.4}% 14
\BOOKMARK [2][-]{subsection.4.3}{Buliding the Kernel}{section.4}% 15
\BOOKMARK [2][-]{subsection.4.4}{Changing Certain Configuration Files}{section.4}% 16
\BOOKMARK [2][-]{subsection.4.5}{Cleanup and Reboot}{section.4}% 17
\BOOKMARK [1][-]{section.5}{Evaluation}{}% 18
\BOOKMARK [2][-]{subsection.5.1}{Environment}{section.5}% 19
\BOOKMARK [2][-]{subsection.5.2}{System Completeness}{section.5}% 20
\BOOKMARK [2][-]{subsection.5.3}{Boot-up Time}{section.5}% 21
\BOOKMARK [2][-]{subsection.5.4}{System Size}{section.5}% 22
\BOOKMARK [1][-]{section.6}{Related Work}{}% 23
\BOOKMARK [2][-]{subsection.6.1}{Minimizing Kernel: Related Research}{section.6}% 24
\BOOKMARK [2][-]{subsection.6.2}{Linux Kernel : Methodology, Tools and Tips from Industry}{section.6}% 25
\BOOKMARK [1][-]{section.7}{Future Work}{}% 26
\BOOKMARK [1][-]{section.8}{Acknowledgement}{}% 27
\BOOKMARK [1][-]{section.9}{Appendix A}{}% 28
\BOOKMARK [1][-]{section.10}{Appendix B}{}% 29
\BOOKMARK [1][-]{section.11}{Appendix C}{}% 30
\BOOKMARK [1][-]{section.12}{References}{}% 31
